Starting Weather ETL pipeline...
Step 2: Ingesting raw data from API...
Loading config...
Fetching weather for Accra...
Fetching weather for Kumasi...
Fetching weather for Takoradi...
Data ready for loading:
         date       temp      city
0  2025-12-05  27.329167     Accra
1  2025-12-05  26.208333    Kumasi
2  2025-12-05  26.566667  Takoradi
Connecting to Neon...
Inserting into database...
ETL Complete!
Ingestion complete
ETL pipeline finished successfully.
Starting Weather ETL pipeline...
Step 2: Ingesting raw data from API...
Loading config...
Fetching weather for Accra...
Fetching weather for Kumasi...
Fetching weather for Takoradi...
Data ready for loading:
         date       temp      city
0  2025-12-06  28.091667     Accra
1  2025-12-06  27.641667    Kumasi
2  2025-12-06  27.525000  Takoradi
Connecting to Neon...
Inserting into database...
ETL Complete!
Ingestion complete
ETL pipeline finished successfully.
Starting Weather ETL pipeline...
Step 2: Ingesting raw data from API...
Loading config...
Fetching weather for Accra...
Fetching weather for Kumasi...
Fetching weather for Takoradi...
Data ready for loading:
         date       temp      city
0  2025-12-09  27.012500     Accra
1  2025-12-09  26.645833    Kumasi
2  2025-12-09  26.404167  Takoradi
Connecting to Neon...
Inserting into database...
ETL Complete!
Ingestion complete
ETL pipeline finished successfully.
Starting Weather ETL pipeline...
Step 2: Ingesting raw data from API...
Loading config...
Fetching weather for Accra...
Fetching weather for Kumasi...
Fetching weather for Takoradi...
Data ready for loading:
         date       temp      city
0  2025-12-10  27.475000     Accra
1  2025-12-10  26.850000    Kumasi
2  2025-12-10  27.054167  Takoradi
Connecting to Neon...
Inserting into database...
ETL Complete!
Ingestion complete
ETL pipeline finished successfully.
Starting Weather ETL pipeline...
Step 2: Ingesting raw data from API...
Loading config...
Fetching weather for Accra...
Fetching weather for Kumasi...
Fetching weather for Takoradi...
Data ready for loading:
         date       temp      city
0  2025-12-11  27.812500     Accra
1  2025-12-11  26.266667    Kumasi
2  2025-12-11  27.083333  Takoradi
Connecting to Neon...
Inserting into database...
ETL Complete!
Ingestion complete
ETL pipeline finished successfully.
Starting Weather ETL pipeline...
Step 2: Ingesting raw data from API...
Loading config...
Fetching weather for Accra...
Fetching weather for Kumasi...
Fetching weather for Takoradi...
Data ready for loading:
         date       temp      city
0  2025-12-12  27.316667     Accra
1  2025-12-12  27.241667    Kumasi
2  2025-12-12  26.800000  Takoradi
Connecting to Neon...
Inserting into database...
ETL Complete!
Ingestion complete
ETL pipeline finished successfully.
Starting Weather ETL pipeline...
Step 2: Ingesting raw data from API...
Loading config...
Fetching weather for Accra...
Fetching weather for Kumasi...
Fetching weather for Takoradi...
Data ready for loading:
         date       temp      city
0  2025-12-15  27.633333     Accra
1  2025-12-15  26.587500    Kumasi
2  2025-12-15  26.604167  Takoradi
Connecting to Neon...
Inserting into database...
ETL Complete!
Ingestion complete
ETL pipeline finished successfully.
Starting Weather ETL pipeline...
Step 2: Ingesting raw data from API...
Loading config...
Fetching weather for Accra...
Fetching weather for Kumasi...
Fetching weather for Takoradi...
Data ready for loading:
         date       temp      city
0  2025-12-17  27.754167     Accra
1  2025-12-17  27.475000    Kumasi
2  2025-12-17  26.820833  Takoradi
Connecting to Neon...
Inserting into database...
ETL Complete!
Ingestion complete
ETL pipeline finished successfully.
Starting Weather ETL pipeline...
Step 2: Ingesting raw data from API...
Loading config...
Fetching weather for Accra...
Fetching weather for Kumasi...
Fetching weather for Takoradi...
Data ready for loading:
         date       temp      city
0  2025-12-18  27.750000     Accra
1  2025-12-18  27.537500    Kumasi
2  2025-12-18  26.804167  Takoradi
Connecting to Neon...
Inserting into database...
ETL Complete!
Ingestion complete
ETL pipeline finished successfully.
Starting Weather ETL pipeline...
Step 2: Ingesting raw data from API...
Loading config...
Fetching weather for Accra...
Fetching weather for Kumasi...
Fetching weather for Takoradi...
Traceback (most recent call last):
  File "/home/kojo/Projects/Data-Engineering-Projects/Weather-ETL-Pipeline/.venv/lib/python3.12/site-packages/urllib3/connectionpool.py", line 464, in _make_request
    self._validate_conn(conn)
  File "/home/kojo/Projects/Data-Engineering-Projects/Weather-ETL-Pipeline/.venv/lib/python3.12/site-packages/urllib3/connectionpool.py", line 1093, in _validate_conn
    conn.connect()
  File "/home/kojo/Projects/Data-Engineering-Projects/Weather-ETL-Pipeline/.venv/lib/python3.12/site-packages/urllib3/connection.py", line 790, in connect
    sock_and_verified = _ssl_wrap_socket_and_match_hostname(
                        ^^^^^^^^^^^^^^^^^^^^^^^^^^^^^^^^^^^^
  File "/home/kojo/Projects/Data-Engineering-Projects/Weather-ETL-Pipeline/.venv/lib/python3.12/site-packages/urllib3/connection.py", line 969, in _ssl_wrap_socket_and_match_hostname
    ssl_sock = ssl_wrap_socket(
               ^^^^^^^^^^^^^^^^
  File "/home/kojo/Projects/Data-Engineering-Projects/Weather-ETL-Pipeline/.venv/lib/python3.12/site-packages/urllib3/util/ssl_.py", line 480, in ssl_wrap_socket
    ssl_sock = _ssl_wrap_socket_impl(sock, context, tls_in_tls, server_hostname)
               ^^^^^^^^^^^^^^^^^^^^^^^^^^^^^^^^^^^^^^^^^^^^^^^^^^^^^^^^^^^^^^^^^
  File "/home/kojo/Projects/Data-Engineering-Projects/Weather-ETL-Pipeline/.venv/lib/python3.12/site-packages/urllib3/util/ssl_.py", line 524, in _ssl_wrap_socket_impl
    return ssl_context.wrap_socket(sock, server_hostname=server_hostname)
           ^^^^^^^^^^^^^^^^^^^^^^^^^^^^^^^^^^^^^^^^^^^^^^^^^^^^^^^^^^^^^^
  File "/usr/lib/python3.12/ssl.py", line 455, in wrap_socket
    return self.sslsocket_class._create(
           ^^^^^^^^^^^^^^^^^^^^^^^^^^^^^
  File "/usr/lib/python3.12/ssl.py", line 1042, in _create
    self.do_handshake()
  File "/usr/lib/python3.12/ssl.py", line 1320, in do_handshake
    self._sslobj.do_handshake()
ssl.SSLEOFError: [SSL: UNEXPECTED_EOF_WHILE_READING] EOF occurred in violation of protocol (_ssl.c:1000)

During handling of the above exception, another exception occurred:

Traceback (most recent call last):
  File "/home/kojo/Projects/Data-Engineering-Projects/Weather-ETL-Pipeline/.venv/lib/python3.12/site-packages/urllib3/connectionpool.py", line 787, in urlopen
    response = self._make_request(
               ^^^^^^^^^^^^^^^^^^^
  File "/home/kojo/Projects/Data-Engineering-Projects/Weather-ETL-Pipeline/.venv/lib/python3.12/site-packages/urllib3/connectionpool.py", line 488, in _make_request
    raise new_e
urllib3.exceptions.SSLError: [SSL: UNEXPECTED_EOF_WHILE_READING] EOF occurred in violation of protocol (_ssl.c:1000)

The above exception was the direct cause of the following exception:

Traceback (most recent call last):
  File "/home/kojo/Projects/Data-Engineering-Projects/Weather-ETL-Pipeline/.venv/lib/python3.12/site-packages/requests/adapters.py", line 644, in send
    resp = conn.urlopen(
           ^^^^^^^^^^^^^
  File "/home/kojo/Projects/Data-Engineering-Projects/Weather-ETL-Pipeline/.venv/lib/python3.12/site-packages/urllib3/connectionpool.py", line 841, in urlopen
    retries = retries.increment(
              ^^^^^^^^^^^^^^^^^^
  File "/home/kojo/Projects/Data-Engineering-Projects/Weather-ETL-Pipeline/.venv/lib/python3.12/site-packages/urllib3/util/retry.py", line 519, in increment
    raise MaxRetryError(_pool, url, reason) from reason  # type: ignore[arg-type]
    ^^^^^^^^^^^^^^^^^^^^^^^^^^^^^^^^^^^^^^^^^^^^^^^^^^^
urllib3.exceptions.MaxRetryError: HTTPSConnectionPool(host='api.open-meteo.com', port=443): Max retries exceeded with url: /v1/forecast?latitude=4.89&longitude=-1.75&hourly=temperature_2m&forecast_days=1 (Caused by SSLError(SSLEOFError(8, '[SSL: UNEXPECTED_EOF_WHILE_READING] EOF occurred in violation of protocol (_ssl.c:1000)')))

During handling of the above exception, another exception occurred:

Traceback (most recent call last):
  File "/home/kojo/Projects/Data-Engineering-Projects/Weather-ETL-Pipeline/src/etl/ingest_weather.py", line 114, in <module>
    main()
  File "/home/kojo/Projects/Data-Engineering-Projects/Weather-ETL-Pipeline/src/etl/ingest_weather.py", line 86, in main
    raw = fetch_city_weather(city, coords)
          ^^^^^^^^^^^^^^^^^^^^^^^^^^^^^^^^
  File "/home/kojo/Projects/Data-Engineering-Projects/Weather-ETL-Pipeline/src/etl/ingest_weather.py", line 30, in fetch_city_weather
    response = requests.get(api_url, params=params)
               ^^^^^^^^^^^^^^^^^^^^^^^^^^^^^^^^^^^^
  File "/home/kojo/Projects/Data-Engineering-Projects/Weather-ETL-Pipeline/.venv/lib/python3.12/site-packages/requests/api.py", line 73, in get
    return request("get", url, params=params, **kwargs)
           ^^^^^^^^^^^^^^^^^^^^^^^^^^^^^^^^^^^^^^^^^^^^
  File "/home/kojo/Projects/Data-Engineering-Projects/Weather-ETL-Pipeline/.venv/lib/python3.12/site-packages/requests/api.py", line 59, in request
    return session.request(method=method, url=url, **kwargs)
           ^^^^^^^^^^^^^^^^^^^^^^^^^^^^^^^^^^^^^^^^^^^^^^^^^
  File "/home/kojo/Projects/Data-Engineering-Projects/Weather-ETL-Pipeline/.venv/lib/python3.12/site-packages/requests/sessions.py", line 589, in request
    resp = self.send(prep, **send_kwargs)
           ^^^^^^^^^^^^^^^^^^^^^^^^^^^^^^
  File "/home/kojo/Projects/Data-Engineering-Projects/Weather-ETL-Pipeline/.venv/lib/python3.12/site-packages/requests/sessions.py", line 703, in send
    r = adapter.send(request, **kwargs)
        ^^^^^^^^^^^^^^^^^^^^^^^^^^^^^^^
  File "/home/kojo/Projects/Data-Engineering-Projects/Weather-ETL-Pipeline/.venv/lib/python3.12/site-packages/requests/adapters.py", line 675, in send
    raise SSLError(e, request=request)
requests.exceptions.SSLError: HTTPSConnectionPool(host='api.open-meteo.com', port=443): Max retries exceeded with url: /v1/forecast?latitude=4.89&longitude=-1.75&hourly=temperature_2m&forecast_days=1 (Caused by SSLError(SSLEOFError(8, '[SSL: UNEXPECTED_EOF_WHILE_READING] EOF occurred in violation of protocol (_ssl.c:1000)')))
Starting Weather ETL pipeline...
Step 2: Ingesting raw data from API...
Loading config...
Fetching weather for Accra...
Fetching weather for Kumasi...
Fetching weather for Takoradi...
Data ready for loading:
         date     temp      city
0  2025-12-22  28.2125     Accra
1  2025-12-22  27.3875    Kumasi
2  2025-12-22  27.3250  Takoradi
Connecting to Neon...
Inserting into database...
ETL Complete!
Ingestion complete
ETL pipeline finished successfully.
Starting Weather ETL pipeline...
Step 2: Ingesting raw data from API...
Loading config...
Fetching weather for Accra...
Fetching weather for Kumasi...
Fetching weather for Takoradi...
Data ready for loading:
         date       temp      city
0  2025-12-25  28.275000     Accra
1  2025-12-25  28.016667    Kumasi
2  2025-12-25  27.766667  Takoradi
Connecting to Neon...
Inserting into database...
ETL Complete!
Ingestion complete
ETL pipeline finished successfully.
Starting Weather ETL pipeline...
Step 2: Ingesting raw data from API...
Starting Weather ETL pipeline...
Step 2: Ingesting raw data from API...
Loading config...
Fetching weather for Accra...
Fetching weather for Kumasi...
Fetching weather for Takoradi...
Data ready for loading:
         date       temp      city
0  2025-12-30  28.245833     Accra
1  2025-12-30  27.320833    Kumasi
2  2025-12-30  27.883333  Takoradi
Connecting to Neon...
Inserting into database...
ETL Complete!
Ingestion complete
ETL pipeline finished successfully.
